<?xml version="1.0" encoding="UTF-8"?>
<TestRun id="db7bd3f8-fff9-48f6-a5d0-77935499e3eb" name="mbarcins@MBARCINS-MOBL 2011-09-19 15:21:40" runUser="GER\mbarcins" xmlns="http://microsoft.com/schemas/VisualStudio/TeamTest/2010">
  <TestSettings name="Local" id="fafce9d2-4f08-492c-9b16-1edb663b22f6">
    <Description>These are default test settings for a local test run.</Description>
    <Deployment enabled="false" runDeploymentRoot="mbarcins_MBARCINS-MOBL 2011-09-19 15_21_40">
      <DeploymentItem filename="C:\Users\mbarcins\Desktop\szkoła\grupowy\StudentsDatabase\StudentsDatabase.Core\bin\Debug\StudentsDatabase.Core.dll" />
    </Deployment>
    <Execution>
      <TestTypeSpecific />
      <AgentRule name="Execution Agents">
      </AgentRule>
    </Execution>
  </TestSettings>
  <Times creation="2011-09-19T15:21:40.6878461+02:00" queuing="2011-09-19T15:21:40.7768512+02:00" start="2011-09-19T15:21:40.7958523+02:00" finish="2011-09-19T15:21:41.4868918+02:00" />
  <ResultSummary outcome="Failed">
    <Counters total="1" executed="1" error="0" failed="1" timeout="0" aborted="0" inconclusive="0" passedButRunAborted="0" notRunnable="0" notExecuted="0" disconnected="0" warning="0" passed="0" completed="0" inProgress="0" pending="0" />
  </ResultSummary>
  <TestDefinitions>
    <UnitTest name="MetodaSzukajOsobyZwracaNullGdyNieMaTakiejOsobyWBazie" storage="c:\users\mbarcins\desktop\szkoła\grupowy\studentsdatabase\studentsdatabase\bin\debug\studentsdatabase.dll" id="1621051f-d30b-7595-c27a-3c345e3ea7ff">
      <Execution id="dc7efe54-da59-44e8-81b5-0b40b62fab85" />
      <TestMethod codeBase="C:/Users/mbarcins/Desktop/szkoła/grupowy/StudentsDatabase/StudentsDatabase/bin/Debug/StudentsDatabase.DLL" adapterTypeName="Microsoft.VisualStudio.TestTools.TestTypes.Unit.UnitTestAdapter, Microsoft.VisualStudio.QualityTools.Tips.UnitTest.Adapter, Version=10.0.0.0, Culture=neutral, PublicKeyToken=b03f5f7f11d50a3a" className="StudentsDatabase.OsobyPrzedmiotyDatabaseTesty, StudentsDatabase, Version=1.0.0.0, Culture=neutral, PublicKeyToken=null" name="MetodaSzukajOsobyZwracaNullGdyNieMaTakiejOsobyWBazie" />
    </UnitTest>
  </TestDefinitions>
  <TestLists>
    <TestList name="Results Not in a List" id="8c84fa94-04c1-424b-9868-57a2d4851a1d" />
    <TestList name="All Loaded Results" id="19431567-8539-422a-85d7-44ee4e166bda" />
  </TestLists>
  <TestEntries>
    <TestEntry testId="1621051f-d30b-7595-c27a-3c345e3ea7ff" executionId="dc7efe54-da59-44e8-81b5-0b40b62fab85" testListId="8c84fa94-04c1-424b-9868-57a2d4851a1d" />
  </TestEntries>
  <Results>
    <UnitTestResult executionId="dc7efe54-da59-44e8-81b5-0b40b62fab85" testId="1621051f-d30b-7595-c27a-3c345e3ea7ff" testName="MetodaSzukajOsobyZwracaNullGdyNieMaTakiejOsobyWBazie" computerName="MBARCINS-MOBL" duration="00:00:00.0407012" startTime="2011-09-19T15:21:40.8158534+02:00" endTime="2011-09-19T15:21:41.2018755+02:00" testType="13cdc9d9-ddb5-4fa4-a97d-d965ccfc6d4b" outcome="Failed" testListId="8c84fa94-04c1-424b-9868-57a2d4851a1d" relativeResultsDirectory="dc7efe54-da59-44e8-81b5-0b40b62fab85">
      <Output>
        <ErrorInfo>
          <Message>Test method StudentsDatabase.OsobyPrzedmiotyDatabaseTesty.MetodaSzukajOsobyZwracaNullGdyNieMaTakiejOsobyWBazie threw exception System.ArgumentOutOfRangeException, but exception System.ApplicationException was expected. Exception message: System.ArgumentOutOfRangeException: Index was out of range. Must be non-negative and less than the size of the collection.
Parameter name: index</Message>
          <StackTrace>    at System.Collections.ArrayList.get_Item(Int32 index)
   at StudentsDatabase.Core.OsobyPrzedmiotyDatabase.SzukajOsoby(Osoba osoba) in C:\Users\mbarcins\Desktop\szkoła\grupowy\StudentsDatabase\StudentsDatabase.Core\OsobyPrzedmiotyDatabase.cs:line 18
   at StudentsDatabase.OsobyPrzedmiotyDatabaseTesty.MetodaSzukajOsobyZwracaNullGdyNieMaTakiejOsobyWBazie() in C:\Users\mbarcins\Desktop\szkoła\grupowy\StudentsDatabase\StudentsDatabase\OsobyPrzedmiotyDatabaseTesty.cs:line 52
</StackTrace>
        </ErrorInfo>
      </Output>
    </UnitTestResult>
  </Results>
</TestRun>