<?xml version="1.0" encoding="UTF-8"?>
<TestRun id="b78d28db-e9fa-4385-9f96-5eba94992bc9" name="mbarcins@MBARCINS-MOBL 2011-09-19 15:10:12" runUser="GER\mbarcins" xmlns="http://microsoft.com/schemas/VisualStudio/TeamTest/2010">
  <TestSettings name="Local" id="fafce9d2-4f08-492c-9b16-1edb663b22f6">
    <Description>These are default test settings for a local test run.</Description>
    <Deployment enabled="false" runDeploymentRoot="mbarcins_MBARCINS-MOBL 2011-09-19 15_10_12">
      <DeploymentItem filename="C:\Users\mbarcins\Desktop\szkoła\grupowy\StudentsDatabase\StudentsDatabase.Core\bin\Debug\StudentsDatabase.Core.dll" />
    </Deployment>
    <Execution>
      <TestTypeSpecific />
      <AgentRule name="Execution Agents">
      </AgentRule>
    </Execution>
  </TestSettings>
  <Times creation="2011-09-19T15:10:12.5344860+02:00" queuing="2011-09-19T15:10:12.5884890+02:00" start="2011-09-19T15:10:12.6074901+02:00" finish="2011-09-19T15:10:12.9435093+02:00" />
  <ResultSummary outcome="Failed">
    <Counters total="1" executed="1" error="0" failed="1" timeout="0" aborted="0" inconclusive="0" passedButRunAborted="0" notRunnable="0" notExecuted="0" disconnected="0" warning="0" passed="0" completed="0" inProgress="0" pending="0" />
  </ResultSummary>
  <TestDefinitions>
    <UnitTest name="MetodaSzukajPrzedmiotyZwracaNullGdyNieMaTakiegoPrzedmiotu" storage="c:\users\mbarcins\desktop\szkoła\grupowy\studentsdatabase\studentsdatabase\bin\debug\studentsdatabase.dll" id="e3dcd3eb-0d82-e411-95af-25e463c8e1e6">
      <Execution id="349c87e5-f74d-4f39-af63-92a9b9d71437" />
      <TestMethod codeBase="C:/Users/mbarcins/Desktop/szkoła/grupowy/StudentsDatabase/StudentsDatabase/bin/Debug/StudentsDatabase.DLL" adapterTypeName="Microsoft.VisualStudio.TestTools.TestTypes.Unit.UnitTestAdapter, Microsoft.VisualStudio.QualityTools.Tips.UnitTest.Adapter, Version=10.0.0.0, Culture=neutral, PublicKeyToken=b03f5f7f11d50a3a" className="StudentsDatabase.OsobyPrzedmiotyDatabaseTesty, StudentsDatabase, Version=1.0.0.0, Culture=neutral, PublicKeyToken=null" name="MetodaSzukajPrzedmiotyZwracaNullGdyNieMaTakiegoPrzedmiotu" />
    </UnitTest>
  </TestDefinitions>
  <TestLists>
    <TestList name="Results Not in a List" id="8c84fa94-04c1-424b-9868-57a2d4851a1d" />
    <TestList name="All Loaded Results" id="19431567-8539-422a-85d7-44ee4e166bda" />
  </TestLists>
  <TestEntries>
    <TestEntry testId="e3dcd3eb-0d82-e411-95af-25e463c8e1e6" executionId="349c87e5-f74d-4f39-af63-92a9b9d71437" testListId="8c84fa94-04c1-424b-9868-57a2d4851a1d" />
  </TestEntries>
  <Results>
    <UnitTestResult executionId="349c87e5-f74d-4f39-af63-92a9b9d71437" testId="e3dcd3eb-0d82-e411-95af-25e463c8e1e6" testName="MetodaSzukajPrzedmiotyZwracaNullGdyNieMaTakiegoPrzedmiotu" computerName="MBARCINS-MOBL" duration="00:00:00.0337631" startTime="2011-09-19T15:10:12.6174907+02:00" endTime="2011-09-19T15:10:12.9255083+02:00" testType="13cdc9d9-ddb5-4fa4-a97d-d965ccfc6d4b" outcome="Failed" testListId="8c84fa94-04c1-424b-9868-57a2d4851a1d" relativeResultsDirectory="349c87e5-f74d-4f39-af63-92a9b9d71437">
      <Output>
        <ErrorInfo>
          <Message>Test method StudentsDatabase.OsobyPrzedmiotyDatabaseTesty.MetodaSzukajPrzedmiotyZwracaNullGdyNieMaTakiegoPrzedmiotu threw exception: 
System.ArgumentOutOfRangeException: Index was out of range. Must be non-negative and less than the size of the collection.
Parameter name: index</Message>
          <StackTrace>    at System.Collections.ArrayList.get_Item(Int32 index)
   at StudentsDatabase.Core.OsobyPrzedmiotyDatabase.SzukajPrzedmiotu(Przedmiot przedmiot) in C:\Users\mbarcins\Desktop\szkoła\grupowy\StudentsDatabase\StudentsDatabase.Core\OsobyPrzedmiotyDatabase.cs:line 22
   at StudentsDatabase.OsobyPrzedmiotyDatabaseTesty.MetodaSzukajPrzedmiotyZwracaNullGdyNieMaTakiegoPrzedmiotu() in C:\Users\mbarcins\Desktop\szkoła\grupowy\StudentsDatabase\StudentsDatabase\OsobyPrzedmiotyDatabaseTesty.cs:line 74
</StackTrace>
        </ErrorInfo>
      </Output>
    </UnitTestResult>
  </Results>
</TestRun>