<?xml version="1.0" encoding="UTF-8"?>
<TestRun id="3bc59624-28f0-4dba-befe-f9a871f30394" name="mbarcins@MBARCINS-MOBL 2011-09-19 13:06:50" runUser="GER\mbarcins" xmlns="http://microsoft.com/schemas/VisualStudio/TeamTest/2010">
  <TestSettings name="Local" id="fafce9d2-4f08-492c-9b16-1edb663b22f6">
    <Description>These are default test settings for a local test run.</Description>
    <Deployment enabled="false" runDeploymentRoot="mbarcins_MBARCINS-MOBL 2011-09-19 13_06_50">
      <DeploymentItem filename="C:\Users\mbarcins\Desktop\szkoła\grupowy\StudentsDatabase\StudentsDatabase.Core\bin\Debug\StudentsDatabase.Core.dll" />
    </Deployment>
    <Execution>
      <TestTypeSpecific />
      <AgentRule name="Execution Agents">
      </AgentRule>
    </Execution>
  </TestSettings>
  <Times creation="2011-09-19T13:06:50.6085820+02:00" queuing="2011-09-19T13:06:50.6535846+02:00" start="2011-09-19T13:06:50.6845864+02:00" finish="2011-09-19T13:06:50.9976043+02:00" />
  <ResultSummary outcome="Completed">
    <Counters total="1" executed="1" passed="1" error="0" failed="0" timeout="0" aborted="0" inconclusive="0" passedButRunAborted="0" notRunnable="0" notExecuted="0" disconnected="0" warning="0" completed="0" inProgress="0" pending="0" />
  </ResultSummary>
  <TestDefinitions>
    <UnitTest name="MetodaObliczZwracaIloscLat" storage="c:\users\mbarcins\desktop\szkoła\grupowy\studentsdatabase\studentsdatabase\bin\debug\studentsdatabase.dll" id="bf23261e-fa86-7cb3-1877-132f353e0016">
      <Execution id="36164a74-873d-479d-996d-1bc7b5dc7a10" />
      <TestMethod codeBase="C:/Users/mbarcins/Desktop/szkoła/grupowy/StudentsDatabase/StudentsDatabase/bin/Debug/StudentsDatabase.DLL" adapterTypeName="Microsoft.VisualStudio.TestTools.TestTypes.Unit.UnitTestAdapter, Microsoft.VisualStudio.QualityTools.Tips.UnitTest.Adapter, Version=10.0.0.0, Culture=neutral, PublicKeyToken=b03f5f7f11d50a3a" className="StudentsDatabase.KalkulatorWiekuTesty, StudentsDatabase, Version=1.0.0.0, Culture=neutral, PublicKeyToken=null" name="MetodaObliczZwracaIloscLat" />
    </UnitTest>
  </TestDefinitions>
  <TestLists>
    <TestList name="Results Not in a List" id="8c84fa94-04c1-424b-9868-57a2d4851a1d" />
    <TestList name="All Loaded Results" id="19431567-8539-422a-85d7-44ee4e166bda" />
  </TestLists>
  <TestEntries>
    <TestEntry testId="bf23261e-fa86-7cb3-1877-132f353e0016" executionId="36164a74-873d-479d-996d-1bc7b5dc7a10" testListId="8c84fa94-04c1-424b-9868-57a2d4851a1d" />
  </TestEntries>
  <Results>
    <UnitTestResult executionId="36164a74-873d-479d-996d-1bc7b5dc7a10" testId="bf23261e-fa86-7cb3-1877-132f353e0016" testName="MetodaObliczZwracaIloscLat" computerName="MBARCINS-MOBL" duration="00:00:00.0148581" startTime="2011-09-19T13:06:50.6915868+02:00" endTime="2011-09-19T13:06:50.9766031+02:00" testType="13cdc9d9-ddb5-4fa4-a97d-d965ccfc6d4b" outcome="Passed" testListId="8c84fa94-04c1-424b-9868-57a2d4851a1d" relativeResultsDirectory="36164a74-873d-479d-996d-1bc7b5dc7a10">
    </UnitTestResult>
  </Results>
</TestRun>