<?xml version="1.0" encoding="UTF-8"?>
<TestRun id="db3a4674-8c37-47ce-acd0-65913f0af864" name="mbarcins@MBARCINS-MOBL 2011-09-19 14:06:50" runUser="GER\mbarcins" xmlns="http://microsoft.com/schemas/VisualStudio/TeamTest/2010">
  <TestSettings name="Local" id="fafce9d2-4f08-492c-9b16-1edb663b22f6">
    <Description>These are default test settings for a local test run.</Description>
    <Deployment enabled="false" runDeploymentRoot="mbarcins_MBARCINS-MOBL 2011-09-19 14_06_50">
      <DeploymentItem filename="C:\Users\mbarcins\Desktop\szkoła\grupowy\StudentsDatabase\StudentsDatabase.Core\bin\Debug\StudentsDatabase.Core.dll" />
    </Deployment>
    <Execution>
      <TestTypeSpecific />
      <AgentRule name="Execution Agents">
      </AgentRule>
    </Execution>
  </TestSettings>
  <Times creation="2011-09-19T14:06:50.3894777+02:00" queuing="2011-09-19T14:06:50.4414807+02:00" start="2011-09-19T14:06:50.4544814+02:00" finish="2011-09-19T14:06:50.7825002+02:00" />
  <ResultSummary outcome="Failed">
    <Counters total="1" executed="1" error="0" failed="1" timeout="0" aborted="0" inconclusive="0" passedButRunAborted="0" notRunnable="0" notExecuted="0" disconnected="0" warning="0" passed="0" completed="0" inProgress="0" pending="0" />
  </ResultSummary>
  <TestDefinitions>
    <UnitTest name="MetodaZwrocPrzedmiotyZwracaJedenPrzedmiot" storage="c:\users\mbarcins\desktop\szkoła\grupowy\studentsdatabase\studentsdatabase\bin\debug\studentsdatabase.dll" id="dfca46f7-60ee-aaf4-e03f-b2cf2b854972">
      <Execution id="50ff4c70-d179-409f-b2f3-afee411c0839" />
      <TestMethod codeBase="C:/Users/mbarcins/Desktop/szkoła/grupowy/StudentsDatabase/StudentsDatabase/bin/Debug/StudentsDatabase.DLL" adapterTypeName="Microsoft.VisualStudio.TestTools.TestTypes.Unit.UnitTestAdapter, Microsoft.VisualStudio.QualityTools.Tips.UnitTest.Adapter, Version=10.0.0.0, Culture=neutral, PublicKeyToken=b03f5f7f11d50a3a" className="StudentsDatabase.OsobaTesty, StudentsDatabase, Version=1.0.0.0, Culture=neutral, PublicKeyToken=null" name="MetodaZwrocPrzedmiotyZwracaJedenPrzedmiot" />
    </UnitTest>
  </TestDefinitions>
  <TestLists>
    <TestList name="Results Not in a List" id="8c84fa94-04c1-424b-9868-57a2d4851a1d" />
    <TestList name="All Loaded Results" id="19431567-8539-422a-85d7-44ee4e166bda" />
  </TestLists>
  <TestEntries>
    <TestEntry testId="dfca46f7-60ee-aaf4-e03f-b2cf2b854972" executionId="50ff4c70-d179-409f-b2f3-afee411c0839" testListId="8c84fa94-04c1-424b-9868-57a2d4851a1d" />
  </TestEntries>
  <Results>
    <UnitTestResult executionId="50ff4c70-d179-409f-b2f3-afee411c0839" testId="dfca46f7-60ee-aaf4-e03f-b2cf2b854972" testName="MetodaZwrocPrzedmiotyZwracaJedenPrzedmiot" computerName="MBARCINS-MOBL" duration="00:00:00.0317281" startTime="2011-09-19T14:06:50.4614818+02:00" endTime="2011-09-19T14:06:50.7594989+02:00" testType="13cdc9d9-ddb5-4fa4-a97d-d965ccfc6d4b" outcome="Failed" testListId="8c84fa94-04c1-424b-9868-57a2d4851a1d" relativeResultsDirectory="50ff4c70-d179-409f-b2f3-afee411c0839">
      <Output>
        <ErrorInfo>
          <Message>Test method StudentsDatabase.OsobaTesty.MetodaZwrocPrzedmiotyZwracaJedenPrzedmiot threw exception: 
System.NullReferenceException: Object reference not set to an instance of an object.</Message>
          <StackTrace>    at StudentsDatabase.OsobaTesty.MetodaZwrocPrzedmiotyZwracaJedenPrzedmiot() in C:\Users\mbarcins\Desktop\szkoła\grupowy\StudentsDatabase\StudentsDatabase\OsobaTesty.cs:line 48
</StackTrace>
        </ErrorInfo>
      </Output>
    </UnitTestResult>
  </Results>
</TestRun>