<?xml version="1.0" encoding="UTF-8"?>
<TestRun id="aea4398b-6d4a-4e1a-b953-da0d01a281bc" name="mbarcins@MBARCINS-MOBL 2011-09-19 15:08:16" runUser="GER\mbarcins" xmlns="http://microsoft.com/schemas/VisualStudio/TeamTest/2010">
  <TestSettings name="Local" id="fafce9d2-4f08-492c-9b16-1edb663b22f6">
    <Description>These are default test settings for a local test run.</Description>
    <Deployment enabled="false" runDeploymentRoot="mbarcins_MBARCINS-MOBL 2011-09-19 15_08_16">
      <DeploymentItem filename="C:\Users\mbarcins\Desktop\szkoła\grupowy\StudentsDatabase\StudentsDatabase.Core\bin\Debug\StudentsDatabase.Core.dll" />
    </Deployment>
    <Execution>
      <TestTypeSpecific />
      <AgentRule name="Execution Agents">
      </AgentRule>
    </Execution>
  </TestSettings>
  <Times creation="2011-09-19T15:08:16.5538522+02:00" queuing="2011-09-19T15:08:16.6048552+02:00" start="2011-09-19T15:08:16.6348569+02:00" finish="2011-09-19T15:08:16.9208732+02:00" />
  <ResultSummary outcome="Completed">
    <Counters total="1" executed="1" passed="1" error="0" failed="0" timeout="0" aborted="0" inconclusive="0" passedButRunAborted="0" notRunnable="0" notExecuted="0" disconnected="0" warning="0" completed="0" inProgress="0" pending="0" />
  </ResultSummary>
  <TestDefinitions>
    <UnitTest name="MetodaSzukajPrzedmiotyZwracaPrawidlowyPrzedmiot" storage="c:\users\mbarcins\desktop\szkoła\grupowy\studentsdatabase\studentsdatabase\bin\debug\studentsdatabase.dll" id="8bead7d5-6440-0517-8d79-74081e28079c">
      <Execution id="6dc45058-a8fc-4e75-911d-7e86c8214a20" />
      <TestMethod codeBase="C:/Users/mbarcins/Desktop/szkoła/grupowy/StudentsDatabase/StudentsDatabase/bin/Debug/StudentsDatabase.DLL" adapterTypeName="Microsoft.VisualStudio.TestTools.TestTypes.Unit.UnitTestAdapter, Microsoft.VisualStudio.QualityTools.Tips.UnitTest.Adapter, Version=10.0.0.0, Culture=neutral, PublicKeyToken=b03f5f7f11d50a3a" className="StudentsDatabase.OsobyPrzedmiotyDatabaseTesty, StudentsDatabase, Version=1.0.0.0, Culture=neutral, PublicKeyToken=null" name="MetodaSzukajPrzedmiotyZwracaPrawidlowyPrzedmiot" />
    </UnitTest>
  </TestDefinitions>
  <TestLists>
    <TestList name="Results Not in a List" id="8c84fa94-04c1-424b-9868-57a2d4851a1d" />
    <TestList name="All Loaded Results" id="19431567-8539-422a-85d7-44ee4e166bda" />
  </TestLists>
  <TestEntries>
    <TestEntry testId="8bead7d5-6440-0517-8d79-74081e28079c" executionId="6dc45058-a8fc-4e75-911d-7e86c8214a20" testListId="8c84fa94-04c1-424b-9868-57a2d4851a1d" />
  </TestEntries>
  <Results>
    <UnitTestResult executionId="6dc45058-a8fc-4e75-911d-7e86c8214a20" testId="8bead7d5-6440-0517-8d79-74081e28079c" testName="MetodaSzukajPrzedmiotyZwracaPrawidlowyPrzedmiot" computerName="MBARCINS-MOBL" duration="00:00:00.0113112" startTime="2011-09-19T15:08:16.6368570+02:00" endTime="2011-09-19T15:08:16.9028722+02:00" testType="13cdc9d9-ddb5-4fa4-a97d-d965ccfc6d4b" outcome="Passed" testListId="8c84fa94-04c1-424b-9868-57a2d4851a1d" relativeResultsDirectory="6dc45058-a8fc-4e75-911d-7e86c8214a20">
    </UnitTestResult>
  </Results>
</TestRun>